TN:
SF:src/app.ts
FN:26,(anonymous_1)
FN:37,init
FN:42,close
FNF:3
FNH:2
FNDA:1,(anonymous_1)
FNDA:11,init
FNDA:0,close
DA:1,11
DA:2,11
DA:3,11
DA:4,11
DA:6,11
DA:8,11
DA:10,11
DA:11,11
DA:22,11
DA:23,11
DA:26,1
DA:37,11
DA:38,11
DA:39,11
DA:42,11
DA:43,0
DA:46,11
LF:17
LH:16
BRF:0
BRH:0
end_of_record
TN:
SF:src/config/database.ts
FN:4,connectDb
FN:8,disconnectDB
FNF:2
FNH:1
FNDA:11,connectDb
FNDA:0,disconnectDB
DA:1,14
DA:4,14
DA:5,11
DA:8,14
DA:9,0
LF:5
LH:4
BRF:0
BRH:0
end_of_record
TN:
SF:src/config/envs.ts
FN:4,loadEnv
FNF:1
FNH:1
FNDA:25,loadEnv
DA:1,14
DA:2,14
DA:4,14
DA:6,25
DA:12,25
DA:13,25
LF:6
LH:6
BRDA:6,0,0,25
BRDA:6,0,1,0
BRDA:8,1,0,0
BRDA:8,1,1,0
BRF:4
BRH:1
end_of_record
TN:
SF:src/config/index.ts
FNF:0
FNH:0
DA:1,14
DA:2,14
LF:2
LH:2
BRF:0
BRH:0
end_of_record
TN:
SF:src/controllers/authentication-controller.ts
FN:5,singInPost
FNF:1
FNH:1
FNDA:5,singInPost
DA:2,11
DA:3,11
DA:5,11
DA:6,5
DA:8,5
DA:9,5
DA:11,3
DA:13,2
LF:8
LH:8
BRF:0
BRH:0
end_of_record
TN:
SF:src/controllers/bookings-controller.ts
FN:6,getBooking
FN:26,createBookingByRoomId
FN:50,updateBooking
FNF:3
FNH:1
FNDA:1,getBooking
FNDA:0,createBookingByRoomId
FNDA:0,updateBooking
DA:2,11
DA:4,11
DA:6,11
DA:7,1
DA:9,1
DA:10,1
DA:12,0
DA:14,1
DA:15,1
DA:20,0
DA:26,11
DA:27,0
DA:28,0
DA:30,0
DA:31,0
DA:33,0
DA:35,0
DA:36,0
DA:40,0
DA:41,0
DA:46,0
DA:50,11
DA:51,0
DA:52,0
DA:53,0
DA:55,0
DA:56,0
DA:58,0
DA:60,0
DA:61,0
DA:65,0
DA:66,0
DA:71,0
LF:33
LH:10
BRDA:14,0,0,1
BRDA:35,1,0,0
BRDA:40,2,0,0
BRDA:60,3,0,0
BRDA:65,4,0,0
BRF:5
BRH:1
end_of_record
TN:
SF:src/controllers/enrollments-controller.ts
FN:6,getEnrollmentByUser
FN:18,postCreateOrUpdateEnrollment
FN:31,getAddressFromCEP
FNF:3
FNH:3
FNDA:2,getEnrollmentByUser
FNDA:1,postCreateOrUpdateEnrollment
FNDA:2,getAddressFromCEP
DA:2,11
DA:4,11
DA:6,11
DA:7,2
DA:9,2
DA:10,2
DA:12,0
DA:14,2
DA:18,11
DA:19,1
DA:20,1
DA:25,0
DA:27,1
DA:31,11
DA:32,2
DA:34,2
DA:35,2
DA:36,1
DA:38,1
DA:39,1
LF:20
LH:18
BRDA:38,0,0,1
BRF:1
BRH:1
end_of_record
TN:
SF:src/controllers/events-controller.ts
FN:5,getDefaultEvent
FNF:1
FNH:1
FNDA:2,getDefaultEvent
DA:2,11
DA:3,11
DA:5,11
DA:6,2
DA:7,2
DA:8,1
DA:10,1
LF:7
LH:7
BRF:0
BRH:0
end_of_record
TN:
SF:src/controllers/hotel-controller.ts
FN:6,getHotels
FN:17,getHotelsWithRooms
FNF:2
FNH:2
FNDA:5,getHotels
FNDA:4,getHotelsWithRooms
DA:1,11
DA:4,11
DA:6,11
DA:7,5
DA:9,5
DA:10,5
DA:11,0
DA:13,5
DA:17,11
DA:18,4
DA:19,4
DA:21,4
DA:22,4
DA:24,0
DA:26,4
LF:15
LH:13
BRF:0
BRH:0
end_of_record
TN:
SF:src/controllers/index.ts
FNF:0
FNH:0
DA:1,11
DA:2,11
DA:3,11
DA:4,11
DA:5,11
DA:6,11
LF:6
LH:6
BRF:0
BRH:0
end_of_record
TN:
SF:src/controllers/payments-controller.ts
FN:6,getPaymentByTicketId
FN:25,paymentProcess
FNF:2
FNH:2
FNDA:1,getPaymentByTicketId
FNDA:3,paymentProcess
DA:2,11
DA:4,11
DA:6,11
DA:7,1
DA:8,1
DA:9,1
DA:11,1
DA:13,0
DA:14,0
DA:16,0
DA:18,0
DA:19,0
DA:21,0
DA:25,11
DA:26,3
DA:27,3
DA:29,3
DA:30,3
DA:32,3
DA:33,0
DA:35,0
DA:37,3
DA:38,2
DA:40,1
LF:24
LH:16
BRDA:11,0,0,1
BRDA:14,1,0,0
BRDA:18,2,0,0
BRDA:30,3,0,0
BRDA:30,4,0,3
BRDA:30,4,1,3
BRDA:33,5,0,0
BRDA:37,6,0,2
BRF:8
BRH:4
end_of_record
TN:
SF:src/controllers/tickets-controller.ts
FN:7,getTicketTypes
FN:16,getTickets
FN:27,createTicket
FNF:3
FNH:3
FNDA:2,getTicketTypes
FNDA:3,getTickets
FNDA:3,createTicket
DA:2,11
DA:4,11
DA:7,11
DA:8,2
DA:9,2
DA:10,2
DA:12,0
DA:16,11
DA:17,3
DA:19,3
DA:20,3
DA:21,0
DA:23,3
DA:27,11
DA:28,3
DA:29,3
DA:31,3
DA:32,3
DA:33,0
DA:35,3
LF:20
LH:17
BRF:0
BRH:0
end_of_record
TN:
SF:src/controllers/users-controller.ts
FN:5,usersPost
FNF:1
FNH:1
FNDA:6,usersPost
DA:2,11
DA:3,11
DA:5,11
DA:6,6
DA:8,6
DA:9,6
DA:10,3
DA:15,3
DA:16,1
DA:18,2
LF:10
LH:10
BRDA:15,0,0,1
BRF:1
BRH:1
end_of_record
TN:
SF:src/errors/cannot-enroll-before-start-date-error.ts
FN:3,cannotEnrollBeforeStartDateError
FNF:1
FNH:1
FNDA:3,cannotEnrollBeforeStartDateError
DA:3,11
DA:4,3
LF:2
LH:2
BRF:0
BRH:0
end_of_record
TN:
SF:src/errors/cannot-list-hotels-error.ts
FN:3,cannotListHotelsError
FNF:1
FNH:0
FNDA:0,cannotListHotelsError
DA:3,11
DA:4,0
LF:2
LH:1
BRF:0
BRH:0
end_of_record
TN:
SF:src/errors/conflict-error.ts
FN:3,conflictError
FNF:1
FNH:0
FNDA:0,conflictError
DA:3,11
DA:4,0
LF:2
LH:1
BRF:0
BRH:0
end_of_record
TN:
SF:src/errors/forbidden-error.ts
FN:3,forbiddenError
FNF:1
FNH:0
FNDA:0,forbiddenError
DA:3,11
DA:4,0
LF:2
LH:1
BRF:0
BRH:0
end_of_record
TN:
SF:src/errors/index.ts
FNF:0
FNH:0
DA:1,11
DA:2,11
DA:3,11
DA:4,11
DA:5,11
DA:6,11
DA:7,11
LF:7
LH:7
BRF:0
BRH:0
end_of_record
TN:
SF:src/errors/invalid-data-error.ts
FN:3,invalidDataError
FNF:1
FNH:1
FNDA:7,invalidDataError
DA:3,11
DA:4,7
LF:2
LH:2
BRF:0
BRH:0
end_of_record
TN:
SF:src/errors/invalid-email-error.ts
FN:3,invalidEmailError
FNF:1
FNH:0
FNDA:0,invalidEmailError
DA:3,11
DA:4,0
LF:2
LH:1
BRF:0
BRH:0
end_of_record
TN:
SF:src/errors/not-found-error.ts
FN:3,notFoundError
FNF:1
FNH:1
FNDA:21,notFoundError
DA:3,11
DA:4,21
LF:2
LH:2
BRF:0
BRH:0
end_of_record
TN:
SF:src/errors/request-error.ts
FN:3,requestError
FNF:1
FNH:1
FNDA:1,requestError
DA:3,11
DA:4,1
LF:2
LH:2
BRF:0
BRH:0
end_of_record
TN:
SF:src/errors/unauthorized-error.ts
FN:3,unauthorizedError
FNF:1
FNH:1
FNDA:33,unauthorizedError
DA:3,11
DA:4,33
LF:2
LH:2
BRF:0
BRH:0
end_of_record
TN:
SF:src/middlewares/authentication-middleware.ts
FN:8,authenticateToken
FN:33,generateUnauthorizedResponse
FNF:2
FNH:2
FNDA:59,authenticateToken
FNDA:31,generateUnauthorizedResponse
DA:2,11
DA:5,11
DA:6,11
DA:8,11
DA:9,59
DA:10,59
DA:12,49
DA:13,49
DA:15,49
DA:18,49
DA:23,49
DA:25,28
DA:27,28
DA:29,0
DA:34,31
LF:15
LH:14
BRDA:10,0,0,10
BRDA:13,1,0,0
BRDA:23,2,0,21
BRF:3
BRH:2
end_of_record
TN:
SF:src/middlewares/error-handling-middleware.ts
FN:5,handleApplicationErrors
FNF:1
FNH:1
FNDA:15,handleApplicationErrors
DA:2,11
DA:5,11
DA:11,15
DA:12,0
DA:17,15
DA:18,0
DA:23,15
DA:24,0
DA:29,15
DA:30,0
DA:35,15
DA:36,15
DA:41,0
DA:42,0
DA:48,0
DA:49,0
LF:16
LH:8
BRDA:11,0,0,0
BRDA:17,1,0,0
BRDA:17,2,0,15
BRDA:17,2,1,15
BRDA:23,3,0,0
BRDA:29,4,0,0
BRDA:35,5,0,15
BRDA:41,6,0,0
BRF:8
BRH:3
end_of_record
TN:
SF:src/middlewares/index.ts
FNF:0
FNH:0
DA:1,11
DA:2,11
DA:3,11
LF:3
LH:3
BRF:0
BRH:0
end_of_record
TN:
SF:src/middlewares/validation-middleware.ts
FN:6,validateBody
FN:10,validateParams
FN:14,validate
FN:15,(anonymous_4)
FN:23,(anonymous_5)
FNF:5
FNH:5
FNDA:66,validateBody
FNDA:11,validateParams
FNDA:77,validate
FNDA:22,(anonymous_4)
FNDA:18,(anonymous_5)
DA:2,11
DA:4,11
DA:6,11
DA:7,66
DA:10,11
DA:11,11
DA:15,77
DA:16,22
DA:20,22
DA:21,15
DA:23,18
LF:11
LH:11
BRDA:20,0,0,15
BRDA:20,0,1,7
BRF:2
BRH:2
end_of_record
TN:
SF:src/repositories/address-repository/index.ts
FN:4,upsert
FNF:1
FNH:0
FNDA:0,upsert
DA:2,11
DA:5,0
DA:20,11
DA:24,11
LF:4
LH:3
BRF:0
BRH:0
end_of_record
TN:
SF:src/repositories/bookings-repository/index.ts
FN:4,findBooking
FN:15,findManyBookings
FN:23,findUserBooking
FN:31,createBooking
FN:40,updateBooking
FNF:5
FNH:1
FNDA:1,findBooking
FNDA:0,findManyBookings
FNDA:0,findUserBooking
FNDA:0,createBooking
FNDA:0,updateBooking
DA:1,11
DA:5,1
DA:16,0
DA:24,0
DA:32,0
DA:41,0
DA:51,11
DA:59,11
LF:8
LH:4
BRF:0
BRH:0
end_of_record
TN:
SF:src/repositories/enrollment-repository/index.ts
FN:4,findWithAddressByUserId
FN:13,findFirstByUserId
FN:21,upsert
FN:35,findById
FNF:4
FNH:3
FNDA:17,findWithAddressByUserId
FNDA:0,findFirstByUserId
FNDA:1,upsert
FNDA:2,findById
DA:2,11
DA:5,17
DA:14,0
DA:26,1
DA:36,2
DA:44,11
DA:51,11
LF:7
LH:6
BRF:0
BRH:0
end_of_record
TN:
SF:src/repositories/event-repository/index.ts
FN:3,findFirst
FNF:1
FNH:1
FNDA:11,findFirst
DA:1,11
DA:4,11
DA:7,11
DA:11,11
LF:4
LH:4
BRF:0
BRH:0
end_of_record
TN:
SF:src/repositories/hotel-repository/index.ts
FN:3,findHotels
FN:7,findRoomsByHotelId
FNF:2
FNH:0
FNDA:0,findHotels
FNDA:0,findRoomsByHotelId
DA:1,11
DA:4,0
DA:8,0
DA:18,11
DA:23,11
LF:5
LH:3
BRF:0
BRH:0
end_of_record
TN:
SF:src/repositories/payments-repository/index.ts
FN:4,findPaymentByTicketId
FN:12,createPayment
FNF:2
FNH:0
FNDA:0,findPaymentByTicketId
FNDA:0,createPayment
DA:1,11
DA:5,0
DA:13,0
DA:21,11
LF:4
LH:2
BRF:0
BRH:0
end_of_record
TN:
SF:src/repositories/rooms-repository/index.ts
FN:3,findRoomAndBookings
FNF:1
FNH:0
FNDA:0,findRoomAndBookings
DA:1,11
DA:4,0
DA:14,11
DA:18,11
LF:4
LH:3
BRF:0
BRH:0
end_of_record
TN:
SF:src/repositories/session-repository/index.ts
FN:4,create
FNF:1
FNH:1
FNDA:5,create
DA:2,11
DA:5,5
DA:10,11
DA:14,11
LF:4
LH:4
BRF:0
BRH:0
end_of_record
TN:
SF:src/repositories/tickets-repository/index.ts
FN:5,findTicketTypes
FN:9,findTicketByEnrollmentId
FN:22,createTicket
FN:28,findTickeyById
FN:39,findTickeWithTypeById
FN:50,ticketProcessPayment
FNF:6
FNH:2
FNDA:2,findTicketTypes
FNDA:0,findTicketByEnrollmentId
FNDA:0,createTicket
FNDA:3,findTickeyById
FNDA:0,findTickeWithTypeById
FNDA:0,ticketProcessPayment
DA:1,11
DA:2,11
DA:6,2
DA:14,0
DA:23,0
DA:29,3
DA:40,0
DA:51,0
DA:61,11
LF:9
LH:5
BRF:0
BRH:0
end_of_record
TN:
SF:src/repositories/user-repository/index.ts
FN:4,findByEmail
FN:18,create
FNF:2
FNH:2
FNDA:15,findByEmail
FNDA:4,create
DA:2,11
DA:5,15
DA:11,15
DA:12,9
DA:15,15
DA:19,4
DA:24,11
DA:29,11
LF:8
LH:8
BRDA:11,0,0,9
BRF:1
BRH:1
end_of_record
TN:
SF:src/routers/authentication-router.ts
FNF:0
FNH:0
DA:1,11
DA:2,11
DA:3,11
DA:4,11
DA:6,11
DA:8,11
DA:10,11
LF:7
LH:7
BRF:0
BRH:0
end_of_record
TN:
SF:src/routers/bookings-router.ts
FNF:0
FNH:0
DA:1,11
DA:2,11
DA:3,11
DA:4,11
DA:5,11
DA:7,11
DA:9,11
DA:15,11
LF:8
LH:8
BRF:0
BRH:0
end_of_record
TN:
SF:src/routers/enrollments-router.ts
FNF:0
FNH:0
DA:1,11
DA:2,11
DA:3,11
DA:4,11
DA:6,11
DA:8,11
DA:14,11
LF:7
LH:7
BRF:0
BRH:0
end_of_record
TN:
SF:src/routers/events-router.ts
FNF:0
FNH:0
DA:1,11
DA:2,11
DA:4,11
DA:6,11
DA:8,11
LF:5
LH:5
BRF:0
BRH:0
end_of_record
TN:
SF:src/routers/hotels-router.ts
FNF:0
FNH:0
DA:1,11
DA:2,11
DA:3,11
DA:5,11
DA:7,11
DA:12,11
LF:6
LH:6
BRF:0
BRH:0
end_of_record
TN:
SF:src/routers/index.ts
FNF:0
FNH:0
DA:1,11
DA:2,11
DA:3,11
DA:4,11
DA:5,11
DA:6,11
DA:7,11
DA:8,11
LF:8
LH:8
BRF:0
BRH:0
end_of_record
TN:
SF:src/routers/payments-router.ts
FNF:0
FNH:0
DA:1,11
DA:2,11
DA:3,11
DA:5,11
DA:7,11
DA:9,11
LF:6
LH:6
BRF:0
BRH:0
end_of_record
TN:
SF:src/routers/tickets-router.ts
FNF:0
FNH:0
DA:1,11
DA:2,11
DA:3,11
DA:4,11
DA:6,11
DA:8,11
DA:14,11
LF:7
LH:7
BRF:0
BRH:0
end_of_record
TN:
SF:src/routers/users-router.ts
FNF:0
FNH:0
DA:1,11
DA:3,11
DA:4,11
DA:5,11
DA:7,11
DA:9,11
DA:11,11
LF:7
LH:7
BRF:0
BRH:0
end_of_record
TN:
SF:src/schemas/authentication-schemas.ts
FNF:0
FNH:0
DA:1,14
DA:4,14
LF:2
LH:2
BRF:0
BRH:0
end_of_record
TN:
SF:src/schemas/booking-schema.ts
FNF:0
FNH:0
DA:2,11
DA:4,11
LF:2
LH:2
BRF:0
BRH:0
end_of_record
TN:
SF:src/schemas/enrollments-schemas.ts
FN:23,(anonymous_1)
FN:30,joiCpfValidation
FN:40,JoiCepValidation
FN:50,joiMobilePhoneValidation
FNF:4
FNH:4
FNDA:378,(anonymous_1)
FNDA:28,joiCpfValidation
FNDA:18,JoiCepValidation
FNDA:22,joiMobilePhoneValidation
DA:1,14
DA:2,14
DA:5,14
DA:7,14
DA:9,14
DA:11,14
DA:23,378
DA:31,28
DA:33,28
DA:34,1
DA:37,27
DA:41,18
DA:43,18
DA:44,1
DA:47,17
DA:51,22
DA:53,22
DA:54,0
DA:57,22
LF:19
LH:18
BRDA:31,0,0,0
BRDA:33,1,0,1
BRDA:41,2,0,0
BRDA:43,3,0,1
BRDA:51,4,0,0
BRDA:53,5,0,0
BRF:6
BRH:2
end_of_record
TN:
SF:src/schemas/index.ts
FNF:0
FNH:0
DA:1,14
DA:2,14
DA:3,14
DA:4,14
LF:4
LH:4
BRF:0
BRH:0
end_of_record
TN:
SF:src/schemas/room-schema.ts
FNF:0
FNH:0
DA:2,11
DA:4,11
LF:2
LH:2
BRF:0
BRH:0
end_of_record
TN:
SF:src/schemas/tickets-schemas.ts
FNF:0
FNH:0
DA:1,14
DA:4,14
LF:2
LH:2
BRF:0
BRH:0
end_of_record
TN:
SF:src/schemas/users-schemas.ts
FNF:0
FNH:0
DA:1,14
DA:4,14
LF:2
LH:2
BRF:0
BRH:0
end_of_record
TN:
SF:src/services/authentication-service/errors.ts
FN:3,invalidCredentialsError
FNF:1
FNH:1
FNDA:6,invalidCredentialsError
DA:3,11
DA:4,6
LF:2
LH:2
BRF:0
BRH:0
end_of_record
TN:
SF:src/services/authentication-service/index.ts
FN:9,signIn
FN:24,getUserOrFail
FN:31,createSession
FN:41,validatePasswordOrFail
FNF:4
FNH:4
FNDA:9,signIn
FNDA:9,getUserOrFail
FNDA:5,createSession
FNDA:7,validatePasswordOrFail
DA:2,11
DA:3,11
DA:4,11
DA:5,11
DA:6,11
DA:7,11
DA:10,9
DA:12,9
DA:14,7
DA:16,5
DA:18,5
DA:25,9
DA:26,9
DA:28,7
DA:32,5
DA:33,5
DA:38,5
DA:42,7
DA:43,7
DA:55,11
DA:59,11
DA:60,11
LF:22
LH:22
BRDA:26,0,0,2
BRDA:43,1,0,2
BRF:2
BRH:2
end_of_record
TN:
SF:src/services/bookings-service/index.ts
FN:8,listBooking
FN:20,createBooking
FN:38,updateBooking
FNF:3
FNH:1
FNDA:1,listBooking
FNDA:0,createBooking
FNDA:0,updateBooking
DA:1,11
DA:2,11
DA:3,11
DA:4,11
DA:5,11
DA:6,11
DA:9,1
DA:10,1
DA:12,0
DA:17,0
DA:21,0
DA:22,0
DA:23,0
DA:24,0
DA:26,0
DA:27,0
DA:28,0
DA:31,0
DA:32,0
DA:33,0
DA:35,0
DA:39,0
DA:40,0
DA:42,0
DA:43,0
DA:44,0
DA:47,0
DA:48,0
DA:49,0
DA:50,0
DA:51,0
DA:54,0
DA:55,0
DA:57,0
DA:59,0
DA:62,11
DA:68,11
LF:37
LH:10
BRDA:10,0,0,1
BRDA:26,1,0,0
BRDA:27,2,0,0
BRDA:27,3,0,0
BRDA:27,3,1,0
BRDA:27,3,2,0
BRDA:31,4,0,0
BRDA:32,5,0,0
BRDA:42,6,0,0
BRDA:43,7,0,0
BRDA:43,8,0,0
BRDA:43,8,1,0
BRDA:43,8,2,0
BRDA:49,9,0,0
BRDA:50,10,0,0
BRDA:55,11,0,0
BRF:16
BRH:1
end_of_record
TN:
SF:src/services/enrollments-service/index.ts
FN:9,getAddressFromCEP
FN:29,getOneWithAddressByUserId
FN:45,getFirstAddress
FN:53,createOrUpdateEnrollmentWithAddress
FN:68,getAddressForUpsert
FNF:5
FNH:4
FNDA:3,getAddressFromCEP
FNDA:2,getOneWithAddressByUserId
FNDA:0,getFirstAddress
FNDA:1,createOrUpdateEnrollmentWithAddress
FNDA:1,getAddressForUpsert
DA:2,11
DA:3,11
DA:4,11
DA:5,11
DA:6,11
DA:10,3
DA:12,3
DA:13,1
DA:16,2
DA:18,2
DA:26,2
DA:30,2
DA:32,2
DA:34,0
DA:35,0
DA:37,0
DA:46,0
DA:48,0
DA:54,1
DA:55,1
DA:57,1
DA:58,1
DA:60,0
DA:63,1
DA:65,0
DA:69,1
DA:79,11
DA:85,11
LF:28
LH:21
BRDA:12,0,0,1
BRDA:12,1,0,3
BRDA:12,1,1,2
BRDA:32,2,0,2
BRDA:39,3,0,0
BRDA:39,3,1,0
BRDA:46,4,0,0
BRDA:71,5,0,1
BRDA:71,5,1,1
BRF:9
BRH:6
end_of_record
TN:
SF:src/services/events-service/index.ts
FN:7,getFirstEvent
FN:16,isCurrentEventActive
FNF:2
FNH:2
FNDA:2,getFirstEvent
FNDA:9,isCurrentEventActive
DA:2,11
DA:3,11
DA:4,11
DA:5,11
DA:8,2
DA:9,2
DA:11,1
DA:17,9
DA:18,9
DA:20,7
DA:21,7
DA:22,7
DA:24,7
DA:27,11
DA:32,11
LF:15
LH:15
BRDA:9,0,0,1
BRDA:18,1,0,2
BRDA:24,2,0,7
BRDA:24,2,1,6
BRF:4
BRH:4
end_of_record
TN:
SF:src/services/hotels-service/index.ts
FN:7,listHotels
FN:19,getHotels
FN:29,getHotelsWithRooms
FNF:3
FNH:3
FNDA:9,listHotels
FNDA:5,getHotels
FNDA:4,getHotelsWithRooms
DA:1,11
DA:2,11
DA:3,11
DA:4,11
DA:5,11
DA:8,9
DA:9,9
DA:10,9
DA:12,0
DA:14,0
DA:15,0
DA:20,5
DA:22,0
DA:23,0
DA:24,0
DA:26,0
DA:30,4
DA:32,0
DA:34,0
DA:35,0
DA:37,0
DA:40,11
LF:22
LH:11
BRDA:9,0,0,9
BRDA:14,1,0,0
BRDA:14,2,0,0
BRDA:14,2,1,0
BRDA:14,2,2,0
BRDA:14,2,3,0
BRDA:23,3,0,0
BRDA:23,4,0,0
BRDA:23,4,1,0
BRDA:34,5,0,0
BRDA:34,6,0,0
BRDA:34,6,1,0
BRF:12
BRH:1
end_of_record
TN:
SF:src/services/payments-service/index.ts
FN:7,verifyTicketAndEnrollment
FN:17,getPaymentByTicketId
FN:26,paymentProcess
FNF:3
FNH:2
FNDA:3,verifyTicketAndEnrollment
FNDA:0,getPaymentByTicketId
FNDA:3,paymentProcess
DA:1,11
DA:3,11
DA:4,11
DA:5,11
DA:8,3
DA:9,3
DA:11,2
DA:12,2
DA:14,2
DA:18,0
DA:20,0
DA:21,0
DA:23,0
DA:27,3
DA:29,0
DA:31,0
DA:38,0
DA:40,0
DA:42,0
DA:45,11
LF:20
LH:11
BRDA:9,0,0,1
BRDA:12,1,0,0
BRDA:14,2,0,2
BRDA:21,3,0,0
BRF:4
BRH:2
end_of_record
TN:
SF:src/services/tickets-service/index.ts
FN:7,getTicketType
FN:14,getTicketByUserId
FN:24,createTicket
FNF:3
FNH:3
FNDA:2,getTicketType
FNDA:3,getTicketByUserId
FNDA:3,createTicket
DA:1,11
DA:2,11
DA:3,11
DA:4,11
DA:8,2
DA:9,2
DA:11,2
DA:15,3
DA:16,3
DA:18,0
DA:19,0
DA:21,0
DA:25,3
DA:26,3
DA:28,0
DA:34,0
DA:36,0
DA:38,0
DA:41,11
DA:43,11
LF:20
LH:13
BRDA:9,0,0,0
BRDA:16,1,0,3
BRDA:19,2,0,0
BRDA:26,3,0,3
BRF:4
BRH:2
end_of_record
TN:
SF:src/services/users-service/errors.ts
FN:3,duplicatedEmailError
FNF:1
FNH:1
FNDA:4,duplicatedEmailError
DA:3,11
DA:4,4
LF:2
LH:2
BRF:0
BRH:0
end_of_record
TN:
SF:src/services/users-service/index.ts
FN:8,createUser
FN:20,validateUniqueEmailOrFail
FN:27,canEnrollOrFail
FNF:3
FNH:3
FNDA:9,createUser
FNDA:6,validateUniqueEmailOrFail
FNDA:9,canEnrollOrFail
DA:2,11
DA:3,11
DA:4,11
DA:5,11
DA:6,11
DA:8,11
DA:9,9
DA:11,6
DA:13,4
DA:14,4
DA:21,6
DA:22,6
DA:23,2
DA:28,9
DA:29,9
DA:30,3
DA:36,11
DA:40,11
DA:41,11
LF:19
LH:19
BRDA:22,0,0,2
BRDA:29,1,0,3
BRF:2
BRH:2
end_of_record
TN:
SF:src/utils/prisma-utils.ts
FN:1,exclude
FNF:1
FNH:1
FNDA:8,exclude
DA:1,11
DA:2,8
DA:3,8
DA:4,9
DA:6,8
LF:5
LH:5
BRF:0
BRH:0
end_of_record
TN:
SF:src/utils/request.ts
FN:4,get
FNF:1
FNH:1
FNDA:3,get
DA:1,11
DA:2,11
DA:5,3
DA:6,3
DA:7,2
DA:9,1
DA:11,1
DA:15,11
LF:8
LH:8
BRF:0
BRH:0
end_of_record
TN:
SF:tests/helpers.ts
FN:8,cleanDb
FN:22,generateValidToken
FNF:2
FNH:2
FNDA:63,cleanDb
FNDA:40,generateValidToken
DA:1,10
DA:4,10
DA:5,10
DA:6,10
DA:8,10
DA:9,63
DA:10,63
DA:11,63
DA:12,63
DA:13,63
DA:14,63
DA:15,63
DA:16,63
DA:17,61
DA:18,61
DA:19,61
DA:22,10
DA:23,40
DA:24,40
DA:26,40
DA:28,37
LF:21
LH:21
BRDA:23,0,0,40
BRDA:23,0,1,9
BRF:2
BRH:2
end_of_record
TN:
SF:tests/factories/enrollments-factory.ts
FN:8,createEnrollmentWithAddress
FN:35,createhAddressWithCEP
FNF:2
FNH:2
FNDA:26,createEnrollmentWithAddress
FNDA:1,createhAddressWithCEP
DA:1,10
DA:2,10
DA:5,10
DA:6,10
DA:8,10
DA:9,26
DA:11,26
DA:35,10
DA:36,1
LF:9
LH:9
BRDA:9,0,0,26
BRDA:9,0,1,0
BRF:2
BRH:1
end_of_record
TN:
SF:tests/factories/events-factory.ts
FN:6,createEvent
FNF:1
FNH:1
FNDA:4,createEvent
DA:1,10
DA:2,10
DA:4,10
DA:6,10
DA:7,4
LF:5
LH:5
BRDA:6,0,0,3
BRDA:9,1,0,4
BRDA:9,1,1,4
BRDA:10,2,0,4
BRDA:10,2,1,4
BRDA:11,3,0,4
BRDA:11,3,1,4
BRDA:12,4,0,4
BRDA:12,4,1,3
BRDA:13,5,0,4
BRDA:13,5,1,4
BRF:11
BRH:11
end_of_record
TN:
SF:tests/factories/hotels-factory.ts
FN:5,createHotel
FN:14,createRoomWithHotelId
FNF:2
FNH:1
FNDA:4,createHotel
FNDA:0,createRoomWithHotelId
DA:1,10
DA:2,10
DA:5,10
DA:6,4
DA:14,10
DA:15,0
LF:6
LH:5
BRF:0
BRH:0
end_of_record
TN:
SF:tests/factories/index.ts
FNF:0
FNH:0
DA:1,10
DA:2,10
DA:3,10
DA:4,10
DA:5,10
DA:6,10
DA:7,10
LF:7
LH:7
BRF:0
BRH:0
end_of_record
TN:
SF:tests/factories/payments-factory.ts
FN:4,createPayment
FN:15,generateCreditCardData
FNF:2
FNH:2
FNDA:7,createPayment
FNDA:3,generateCreditCardData
DA:1,10
DA:2,10
DA:4,10
DA:5,7
DA:15,10
DA:16,3
DA:18,3
LF:7
LH:7
BRF:0
BRH:0
end_of_record
TN:
SF:tests/factories/sessions-factory.ts
FN:5,createSession
FNF:1
FNH:1
FNDA:40,createSession
DA:2,10
DA:3,10
DA:5,10
DA:6,40
DA:8,40
LF:5
LH:5
BRF:0
BRH:0
end_of_record
TN:
SF:tests/factories/tickets-factory.ts
FN:5,createTicketType
FN:16,createTicket
FN:26,createTicketTypeRemote
FN:37,createTicketTypeWithHotel
FNF:4
FNH:4
FNDA:10,createTicketType
FNDA:12,createTicket
FNDA:5,createTicketTypeRemote
FNDA:5,createTicketTypeWithHotel
DA:1,10
DA:3,10
DA:5,10
DA:6,10
DA:16,10
DA:17,12
DA:26,10
DA:27,5
DA:37,10
DA:38,5
LF:10
LH:10
BRF:0
BRH:0
end_of_record
TN:
SF:tests/factories/users-factory.ts
FN:6,createUser
FNF:1
FNH:1
FNDA:100,createUser
DA:1,10
DA:2,10
DA:4,10
DA:6,10
DA:7,100
DA:8,100
DA:10,100
LF:7
LH:7
BRDA:6,0,0,92
BRDA:7,1,0,100
BRDA:7,1,1,92
BRDA:12,2,0,100
BRDA:12,2,1,92
BRF:5
BRH:5
end_of_record
